\BOOKMARK [1][-]{section.1}{Data and Research Question}{}% 1
\BOOKMARK [1][-]{section.2}{Exploratory Data Analysis}{}% 2
\BOOKMARK [2][-]{subsection.2.1}{Categorical Variables}{section.2}% 3
\BOOKMARK [2][-]{subsection.2.2}{Numerical Variables}{section.2}% 4
\BOOKMARK [3][-]{subsubsection.2.2.1}{Response Variable: Audience Score}{subsection.2.2}% 5
\BOOKMARK [3][-]{subsubsection.2.2.2}{Other Numerical Variables}{subsection.2.2}% 6
\BOOKMARK [2][-]{subsection.2.3}{Distribution of Response Variable across Various Categorical Variables}{section.2}% 7
\BOOKMARK [1][-]{section.3}{Modeling}{}% 8
\BOOKMARK [2][-]{subsection.3.1}{Multicollinearity between Numerical Variables}{section.3}% 9
\BOOKMARK [2][-]{subsection.3.2}{Model Selection}{section.3}% 10
\BOOKMARK [2][-]{subsection.3.3}{Model Diagnostics}{section.3}% 11
\BOOKMARK [3][-]{subsubsection.3.3.1}{Outliers, Leverage Values and Influential Points}{subsection.3.3}% 12
\BOOKMARK [3][-]{subsubsection.3.3.2}{Check OLS Assumptions}{subsection.3.3}% 13
\BOOKMARK [2][-]{subsection.3.4}{Feasible Generalized Least Squares \(FGLS\)}{section.3}% 14
\BOOKMARK [1][-]{section.4}{Regression Results and Prediction}{}% 15
\BOOKMARK [2][-]{subsection.4.1}{Interpretation}{section.4}% 16
\BOOKMARK [2][-]{subsection.4.2}{Prediction}{section.4}% 17
\BOOKMARK [3][-]{subsubsection.4.2.1}{OLS estimates:}{subsection.4.2}% 18
\BOOKMARK [3][-]{subsubsection.4.2.2}{FGLS estimates:}{subsection.4.2}% 19
\BOOKMARK [1][-]{section.5}{Conclusion}{}% 20
